<?xml version="1.0" encoding="UTF-8"?>
<coverage generated="1597659677761" clover="3.2.0">
  <project timestamp="1597659677761" name="All files">
    <metrics statements="40" coveredstatements="21" conditionals="50" coveredconditionals="6" methods="19" coveredmethods="2" elements="109" coveredelements="29" complexity="0" loc="40" ncloc="40" packages="3" files="6" classes="6"/>
    <package name="components.Button">
      <metrics statements="28" coveredstatements="13" conditionals="48" coveredconditionals="6" methods="17" coveredmethods="2"/>
      <file name="index.tsx" path="F:\新建文件夹\zhufeng-react-assembly\lionh-ui\src\components\Button\index.tsx">
        <metrics statements="28" coveredstatements="13" conditionals="48" coveredconditionals="6" methods="17" coveredmethods="2"/>
        <line num="29" count="1" type="stmt"/>
        <line num="49" count="1" type="stmt"/>
        <line num="57" count="1" type="stmt"/>
        <line num="62" count="1" type="stmt"/>
        <line num="70" count="1" type="stmt"/>
        <line num="76" count="1" type="stmt"/>
        <line num="83" count="0" type="cond" truecount="0" falsecount="2"/>
        <line num="98" count="0" type="cond" truecount="0" falsecount="2"/>
        <line num="103" count="0" type="cond" truecount="0" falsecount="2"/>
        <line num="134" count="0" type="cond" truecount="0" falsecount="2"/>
        <line num="144" count="0" type="cond" truecount="0" falsecount="2"/>
        <line num="154" count="0" type="cond" truecount="0" falsecount="2"/>
        <line num="178" count="0" type="cond" truecount="0" falsecount="2"/>
        <line num="203" count="0" type="cond" truecount="0" falsecount="2"/>
        <line num="228" count="0" type="cond" truecount="0" falsecount="2"/>
        <line num="253" count="0" type="cond" truecount="0" falsecount="2"/>
        <line num="293" count="0" type="cond" truecount="0" falsecount="2"/>
        <line num="323" count="0" type="cond" truecount="0" falsecount="2"/>
        <line num="349" count="0" type="cond" truecount="0" falsecount="2"/>
        <line num="374" count="0" type="cond" truecount="0" falsecount="2"/>
        <line num="399" count="0" type="cond" truecount="0" falsecount="2"/>
        <line num="448" count="14" type="stmt"/>
        <line num="450" count="14" type="stmt"/>
        <line num="455" count="14" type="stmt"/>
        <line num="456" count="14" type="cond" truecount="2" falsecount="0"/>
        <line num="457" count="2" type="stmt"/>
        <line num="461" count="14" type="stmt"/>
        <line num="467" count="1" type="stmt"/>
      </file>
    </package>
    <package name="components.shared">
      <metrics statements="8" coveredstatements="8" conditionals="0" coveredconditionals="0" methods="0" coveredmethods="0"/>
      <file name="animation.tsx" path="F:\新建文件夹\zhufeng-react-assembly\lionh-ui\src\components\shared\animation.tsx">
        <metrics statements="1" coveredstatements="1" conditionals="0" coveredconditionals="0" methods="0" coveredmethods="0"/>
        <line num="1" count="1" type="stmt"/>
      </file>
      <file name="global.tsx" path="F:\新建文件夹\zhufeng-react-assembly\lionh-ui\src\components\shared\global.tsx">
        <metrics statements="1" coveredstatements="1" conditionals="0" coveredconditionals="0" methods="0" coveredmethods="0"/>
        <line num="3" count="1" type="stmt"/>
      </file>
      <file name="styles.tsx" path="F:\新建文件夹\zhufeng-react-assembly\lionh-ui\src\components\shared\styles.tsx">
        <metrics statements="6" coveredstatements="6" conditionals="0" coveredconditionals="0" methods="0" coveredmethods="0"/>
        <line num="3" count="1" type="stmt"/>
        <line num="35" count="1" type="stmt"/>
        <line num="43" count="1" type="stmt"/>
        <line num="68" count="1" type="stmt"/>
        <line num="79" count="1" type="stmt"/>
        <line num="80" count="1" type="stmt"/>
      </file>
    </package>
    <package name="stories">
      <metrics statements="4" coveredstatements="0" conditionals="2" coveredconditionals="0" methods="2" coveredmethods="0"/>
      <file name="Header.tsx" path="F:\新建文件夹\zhufeng-react-assembly\lionh-ui\src\stories\Header.tsx">
        <metrics statements="2" coveredstatements="0" conditionals="2" coveredconditionals="0" methods="1" coveredmethods="0"/>
        <line num="13" count="0" type="stmt"/>
        <line num="14" count="0" type="stmt"/>
      </file>
      <file name="Page.tsx" path="F:\新建文件夹\zhufeng-react-assembly\lionh-ui\src\stories\Page.tsx">
        <metrics statements="2" coveredstatements="0" conditionals="0" coveredconditionals="0" methods="1" coveredmethods="0"/>
        <line num="13" count="0" type="stmt"/>
        <line num="14" count="0" type="stmt"/>
      </file>
    </package>
  </project>
</coverage>
