{"F:\\新建文件夹\\zhufeng-react-assembly\\lionh-ui\\src\\components\\Button\\index.tsx": {"path":"F:\\新建文件夹\\zhufeng-react-assembly\\lionh-ui\\src\\components\\Button\\index.tsx","statementMap":{"0":{"start":{"line":29,"column":43},"end":{"line":39,"column":1}},"1":{"start":{"line":49,"column":30},"end":{"line":52,"column":1}},"2":{"start":{"line":57,"column":13},"end":{"line":60,"column":1}},"3":{"start":{"line":62,"column":16},"end":{"line":68,"column":1}},"4":{"start":{"line":70,"column":26},"end":{"line":73,"column":1}},"5":{"start":{"line":76,"column":21},"end":{"line":424,"column":1}},"6":{"start":{"line":83,"column":4},"end":{"line":83,"column":57}},"7":{"start":{"line":98,"column":4},"end":{"line":98,"column":72}},"8":{"start":{"line":103,"column":4},"end":{"line":121,"column":5}},"9":{"start":{"line":134,"column":4},"end":{"line":141,"column":5}},"10":{"start":{"line":144,"column":4},"end":{"line":151,"column":5}},"11":{"start":{"line":154,"column":4},"end":{"line":173,"column":5}},"12":{"start":{"line":178,"column":4},"end":{"line":200,"column":5}},"13":{"start":{"line":203,"column":4},"end":{"line":225,"column":5}},"14":{"start":{"line":228,"column":4},"end":{"line":250,"column":5}},"15":{"start":{"line":253,"column":4},"end":{"line":290,"column":5}},"16":{"start":{"line":293,"column":6},"end":{"line":320,"column":7}},"17":{"start":{"line":323,"column":6},"end":{"line":346,"column":7}},"18":{"start":{"line":349,"column":8},"end":{"line":371,"column":7}},"19":{"start":{"line":374,"column":8},"end":{"line":396,"column":7}},"20":{"start":{"line":399,"column":8},"end":{"line":422,"column":7}},"21":{"start":{"line":448,"column":55},"end":{"line":448,"column":60}},"22":{"start":{"line":450,"column":4},"end":{"line":453,"column":7}},"23":{"start":{"line":455,"column":18},"end":{"line":459,"column":14}},"24":{"start":{"line":456,"column":4},"end":{"line":458,"column":5}},"25":{"start":{"line":457,"column":6},"end":{"line":457,"column":17}},"26":{"start":{"line":461,"column":2},"end":{"line":465,"column":4}},"27":{"start":{"line":467,"column":0},"end":{"line":477,"column":2}}},"fnMap":{"0":{"name":"(anonymous_0)","decl":{"start":{"line":82,"column":13},"end":{"line":82,"column":14}},"loc":{"start":{"line":83,"column":4},"end":{"line":83,"column":57}},"line":83},"1":{"name":"(anonymous_1)","decl":{"start":{"line":97,"column":15},"end":{"line":97,"column":16}},"loc":{"start":{"line":98,"column":4},"end":{"line":98,"column":72}},"line":98},"2":{"name":"(anonymous_2)","decl":{"start":{"line":102,"column":4},"end":{"line":102,"column":5}},"loc":{"start":{"line":103,"column":4},"end":{"line":121,"column":5}},"line":103},"3":{"name":"(anonymous_3)","decl":{"start":{"line":133,"column":4},"end":{"line":133,"column":5}},"loc":{"start":{"line":134,"column":4},"end":{"line":141,"column":5}},"line":134},"4":{"name":"(anonymous_4)","decl":{"start":{"line":143,"column":4},"end":{"line":143,"column":5}},"loc":{"start":{"line":144,"column":4},"end":{"line":151,"column":5}},"line":144},"5":{"name":"(anonymous_5)","decl":{"start":{"line":153,"column":4},"end":{"line":153,"column":5}},"loc":{"start":{"line":154,"column":4},"end":{"line":173,"column":5}},"line":154},"6":{"name":"(anonymous_6)","decl":{"start":{"line":177,"column":4},"end":{"line":177,"column":5}},"loc":{"start":{"line":178,"column":4},"end":{"line":200,"column":5}},"line":178},"7":{"name":"(anonymous_7)","decl":{"start":{"line":202,"column":4},"end":{"line":202,"column":5}},"loc":{"start":{"line":203,"column":4},"end":{"line":225,"column":5}},"line":203},"8":{"name":"(anonymous_8)","decl":{"start":{"line":227,"column":4},"end":{"line":227,"column":5}},"loc":{"start":{"line":228,"column":4},"end":{"line":250,"column":5}},"line":228},"9":{"name":"(anonymous_9)","decl":{"start":{"line":252,"column":4},"end":{"line":252,"column":5}},"loc":{"start":{"line":253,"column":4},"end":{"line":290,"column":5}},"line":253},"10":{"name":"(anonymous_10)","decl":{"start":{"line":292,"column":6},"end":{"line":292,"column":7}},"loc":{"start":{"line":293,"column":6},"end":{"line":320,"column":7}},"line":293},"11":{"name":"(anonymous_11)","decl":{"start":{"line":322,"column":6},"end":{"line":322,"column":7}},"loc":{"start":{"line":323,"column":6},"end":{"line":346,"column":7}},"line":323},"12":{"name":"(anonymous_12)","decl":{"start":{"line":348,"column":8},"end":{"line":348,"column":9}},"loc":{"start":{"line":349,"column":8},"end":{"line":371,"column":7}},"line":349},"13":{"name":"(anonymous_13)","decl":{"start":{"line":373,"column":8},"end":{"line":373,"column":9}},"loc":{"start":{"line":374,"column":8},"end":{"line":396,"column":7}},"line":374},"14":{"name":"(anonymous_14)","decl":{"start":{"line":398,"column":8},"end":{"line":398,"column":9}},"loc":{"start":{"line":399,"column":8},"end":{"line":422,"column":7}},"line":399},"15":{"name":"Button","decl":{"start":{"line":447,"column":9},"end":{"line":447,"column":15}},"loc":{"start":{"line":447,"column":55},"end":{"line":466,"column":1}},"line":447},"16":{"name":"(anonymous_16)","decl":{"start":{"line":455,"column":26},"end":{"line":455,"column":27}},"loc":{"start":{"line":455,"column":32},"end":{"line":459,"column":3}},"line":455}},"branchMap":{"0":{"loc":{"start":{"line":83,"column":4},"end":{"line":83,"column":57}},"type":"cond-expr","locations":[{"start":{"line":83,"column":33},"end":{"line":83,"column":43}},{"start":{"line":83,"column":46},"end":{"line":83,"column":57}}],"line":83},"1":{"loc":{"start":{"line":98,"column":4},"end":{"line":98,"column":72}},"type":"cond-expr","locations":[{"start":{"line":98,"column":33},"end":{"line":98,"column":51}},{"start":{"line":98,"column":54},"end":{"line":98,"column":72}}],"line":98},"2":{"loc":{"start":{"line":103,"column":4},"end":{"line":121,"column":5}},"type":"binary-expr","locations":[{"start":{"line":103,"column":4},"end":{"line":103,"column":20}},{"start":{"line":104,"column":4},"end":{"line":121,"column":5}}],"line":103},"3":{"loc":{"start":{"line":134,"column":4},"end":{"line":141,"column":5}},"type":"binary-expr","locations":[{"start":{"line":134,"column":4},"end":{"line":134,"column":18}},{"start":{"line":135,"column":4},"end":{"line":141,"column":5}}],"line":134},"4":{"loc":{"start":{"line":144,"column":4},"end":{"line":151,"column":5}},"type":"binary-expr","locations":[{"start":{"line":144,"column":4},"end":{"line":144,"column":23}},{"start":{"line":145,"column":4},"end":{"line":151,"column":5}}],"line":144},"5":{"loc":{"start":{"line":154,"column":4},"end":{"line":173,"column":5}},"type":"binary-expr","locations":[{"start":{"line":154,"column":4},"end":{"line":154,"column":19}},{"start":{"line":155,"column":4},"end":{"line":173,"column":5}}],"line":154},"6":{"loc":{"start":{"line":178,"column":4},"end":{"line":200,"column":5}},"type":"binary-expr","locations":[{"start":{"line":178,"column":4},"end":{"line":178,"column":44}},{"start":{"line":179,"column":4},"end":{"line":200,"column":5}}],"line":178},"7":{"loc":{"start":{"line":184,"column":8},"end":{"line":198,"column":9}},"type":"binary-expr","locations":[{"start":{"line":184,"column":8},"end":{"line":184,"column":24}},{"start":{"line":185,"column":8},"end":{"line":198,"column":9}}],"line":184},"8":{"loc":{"start":{"line":203,"column":4},"end":{"line":225,"column":5}},"type":"binary-expr","locations":[{"start":{"line":203,"column":4},"end":{"line":203,"column":46}},{"start":{"line":204,"column":4},"end":{"line":225,"column":5}}],"line":203},"9":{"loc":{"start":{"line":209,"column":8},"end":{"line":223,"column":9}},"type":"binary-expr","locations":[{"start":{"line":209,"column":8},"end":{"line":209,"column":24}},{"start":{"line":210,"column":8},"end":{"line":223,"column":9}}],"line":209},"10":{"loc":{"start":{"line":228,"column":4},"end":{"line":250,"column":5}},"type":"binary-expr","locations":[{"start":{"line":228,"column":4},"end":{"line":228,"column":45}},{"start":{"line":229,"column":4},"end":{"line":250,"column":5}}],"line":228},"11":{"loc":{"start":{"line":234,"column":8},"end":{"line":248,"column":9}},"type":"binary-expr","locations":[{"start":{"line":234,"column":8},"end":{"line":234,"column":24}},{"start":{"line":235,"column":8},"end":{"line":248,"column":9}}],"line":234},"12":{"loc":{"start":{"line":253,"column":4},"end":{"line":290,"column":5}},"type":"binary-expr","locations":[{"start":{"line":253,"column":4},"end":{"line":253,"column":44}},{"start":{"line":254,"column":4},"end":{"line":290,"column":5}}],"line":253},"13":{"loc":{"start":{"line":260,"column":8},"end":{"line":288,"column":9}},"type":"binary-expr","locations":[{"start":{"line":260,"column":8},"end":{"line":260,"column":24}},{"start":{"line":261,"column":8},"end":{"line":288,"column":9}}],"line":260},"14":{"loc":{"start":{"line":293,"column":6},"end":{"line":320,"column":7}},"type":"binary-expr","locations":[{"start":{"line":293,"column":6},"end":{"line":293,"column":53}},{"start":{"line":294,"column":6},"end":{"line":320,"column":7}}],"line":293},"15":{"loc":{"start":{"line":323,"column":6},"end":{"line":346,"column":7}},"type":"binary-expr","locations":[{"start":{"line":323,"column":6},"end":{"line":323,"column":55}},{"start":{"line":324,"column":6},"end":{"line":346,"column":7}}],"line":323},"16":{"loc":{"start":{"line":349,"column":8},"end":{"line":371,"column":7}},"type":"binary-expr","locations":[{"start":{"line":349,"column":8},"end":{"line":349,"column":55}},{"start":{"line":350,"column":8},"end":{"line":371,"column":7}}],"line":349},"17":{"loc":{"start":{"line":355,"column":12},"end":{"line":369,"column":11}},"type":"binary-expr","locations":[{"start":{"line":355,"column":12},"end":{"line":355,"column":28}},{"start":{"line":356,"column":12},"end":{"line":369,"column":11}}],"line":355},"18":{"loc":{"start":{"line":374,"column":8},"end":{"line":396,"column":7}},"type":"binary-expr","locations":[{"start":{"line":374,"column":8},"end":{"line":374,"column":57}},{"start":{"line":375,"column":8},"end":{"line":396,"column":7}}],"line":374},"19":{"loc":{"start":{"line":380,"column":12},"end":{"line":394,"column":11}},"type":"binary-expr","locations":[{"start":{"line":380,"column":12},"end":{"line":380,"column":28}},{"start":{"line":381,"column":12},"end":{"line":394,"column":11}}],"line":380},"20":{"loc":{"start":{"line":399,"column":8},"end":{"line":422,"column":7}},"type":"binary-expr","locations":[{"start":{"line":399,"column":8},"end":{"line":399,"column":55}},{"start":{"line":400,"column":8},"end":{"line":422,"column":7}}],"line":399},"21":{"loc":{"start":{"line":452,"column":7},"end":{"line":452,"column":68}},"type":"binary-expr","locations":[{"start":{"line":452,"column":7},"end":{"line":452,"column":16}},{"start":{"line":452,"column":20},"end":{"line":452,"column":68}}],"line":452},"22":{"loc":{"start":{"line":452,"column":30},"end":{"line":452,"column":57}},"type":"binary-expr","locations":[{"start":{"line":452,"column":30},"end":{"line":452,"column":41}},{"start":{"line":452,"column":45},"end":{"line":452,"column":57}}],"line":452},"23":{"loc":{"start":{"line":456,"column":4},"end":{"line":458,"column":5}},"type":"if","locations":[{"start":{"line":456,"column":4},"end":{"line":458,"column":5}},{"start":{"line":456,"column":4},"end":{"line":458,"column":5}}],"line":456}},"s":{"0":1,"1":1,"2":1,"3":1,"4":1,"5":1,"6":0,"7":0,"8":0,"9":0,"10":0,"11":0,"12":0,"13":0,"14":0,"15":0,"16":0,"17":0,"18":0,"19":0,"20":0,"21":14,"22":14,"23":14,"24":14,"25":2,"26":14,"27":1},"f":{"0":0,"1":0,"2":0,"3":0,"4":0,"5":0,"6":0,"7":0,"8":0,"9":0,"10":0,"11":0,"12":0,"13":0,"14":0,"15":14,"16":14},"b":{"0":[0,0],"1":[0,0],"2":[0,0],"3":[0,0],"4":[0,0],"5":[0,0],"6":[0,0],"7":[0,0],"8":[0,0],"9":[0,0],"10":[0,0],"11":[0,0],"12":[0,0],"13":[0,0],"14":[0,0],"15":[0,0],"16":[0,0],"17":[0,0],"18":[0,0],"19":[0,0],"20":[0,0],"21":[14,2],"22":[2,2],"23":[2,12]},"_coverageSchema":"43e27e138ebf9cfc5966b082cf9a028302ed4184","hash":"7cb6e49edc1d5064d4671e297c9c269bee5d1244"}
,"F:\\新建文件夹\\zhufeng-react-assembly\\lionh-ui\\src\\components\\shared\\animation.tsx": {"path":"F:\\新建文件夹\\zhufeng-react-assembly\\lionh-ui\\src\\components\\shared\\animation.tsx","statementMap":{"0":{"start":{"line":1,"column":22},"end":{"line":3,"column":1}}},"fnMap":{},"branchMap":{},"s":{"0":1},"f":{},"b":{},"_coverageSchema":"43e27e138ebf9cfc5966b082cf9a028302ed4184","hash":"347df2e21cb224958f75e1d8c43376f952ff17ea"}
,"F:\\新建文件夹\\zhufeng-react-assembly\\lionh-ui\\src\\components\\shared\\global.tsx": {"path":"F:\\新建文件夹\\zhufeng-react-assembly\\lionh-ui\\src\\components\\shared\\global.tsx","statementMap":{"0":{"start":{"line":3,"column":27},"end":{"line":183,"column":1}}},"fnMap":{},"branchMap":{},"s":{"0":1},"f":{},"b":{},"_coverageSchema":"43e27e138ebf9cfc5966b082cf9a028302ed4184","hash":"9ab177f1d0d2cb0a8660632f81d39e0b85bfc424"}
,"F:\\新建文件夹\\zhufeng-react-assembly\\lionh-ui\\src\\components\\shared\\styles.tsx": {"path":"F:\\新建文件夹\\zhufeng-react-assembly\\lionh-ui\\src\\components\\shared\\styles.tsx","statementMap":{"0":{"start":{"line":3,"column":21},"end":{"line":33,"column":1}},"1":{"start":{"line":35,"column":26},"end":{"line":41,"column":1}},"2":{"start":{"line":43,"column":26},"end":{"line":67,"column":1}},"3":{"start":{"line":68,"column":23},"end":{"line":78,"column":1}},"4":{"start":{"line":79,"column":26},"end":{"line":79,"column":29}},"5":{"start":{"line":80,"column":26},"end":{"line":80,"column":27}}},"fnMap":{},"branchMap":{},"s":{"0":1,"1":1,"2":1,"3":1,"4":1,"5":1},"f":{},"b":{},"_coverageSchema":"43e27e138ebf9cfc5966b082cf9a028302ed4184","hash":"d44d1c8f84c3a6427503a3ae153bb5ad442f41c4"}
,"F:\\新建文件夹\\zhufeng-react-assembly\\lionh-ui\\src\\stories\\Header.tsx": {"path":"F:\\新建文件夹\\zhufeng-react-assembly\\lionh-ui\\src\\stories\\Header.tsx","statementMap":{"0":{"start":{"line":13,"column":45},"end":{"line":47,"column":1}},"1":{"start":{"line":14,"column":2},"end":{"line":46,"column":11}}},"fnMap":{"0":{"name":"(anonymous_0)","decl":{"start":{"line":13,"column":45},"end":{"line":13,"column":46}},"loc":{"start":{"line":14,"column":2},"end":{"line":46,"column":11}},"line":14}},"branchMap":{"0":{"loc":{"start":{"line":36,"column":9},"end":{"line":43,"column":9}},"type":"cond-expr","locations":[{"start":{"line":37,"column":10},"end":{"line":37,"column":54}},{"start":{"line":39,"column":10},"end":{"line":42,"column":13}}],"line":36}},"s":{"0":0,"1":0},"f":{"0":0},"b":{"0":[0,0]},"hash":"282297c24a78cf14c07cfc0c3e28bd7341726ef3"}
,"F:\\新建文件夹\\zhufeng-react-assembly\\lionh-ui\\src\\stories\\Page.tsx": {"path":"F:\\新建文件夹\\zhufeng-react-assembly\\lionh-ui\\src\\stories\\Page.tsx","statementMap":{"0":{"start":{"line":13,"column":41},"end":{"line":67,"column":1}},"1":{"start":{"line":14,"column":2},"end":{"line":66,"column":12}}},"fnMap":{"0":{"name":"(anonymous_0)","decl":{"start":{"line":13,"column":41},"end":{"line":13,"column":42}},"loc":{"start":{"line":14,"column":2},"end":{"line":66,"column":12}},"line":14}},"branchMap":{},"s":{"0":0,"1":0},"f":{"0":0},"b":{},"hash":"b6f5bab02ea01e5b52c1cb37d510b7c427cf6614"}
}
