TN:
SF:F:\新建文件夹\zhufeng-react-assembly\lionh-ui\src\components\Button\index.tsx
FN:82,(anonymous_0)
FN:97,(anonymous_1)
FN:102,(anonymous_2)
FN:133,(anonymous_3)
FN:143,(anonymous_4)
FN:153,(anonymous_5)
FN:177,(anonymous_6)
FN:202,(anonymous_7)
FN:227,(anonymous_8)
FN:252,(anonymous_9)
FN:292,(anonymous_10)
FN:322,(anonymous_11)
FN:348,(anonymous_12)
FN:373,(anonymous_13)
FN:398,(anonymous_14)
FN:447,Button
FN:455,(anonymous_16)
FNF:17
FNH:2
FNDA:0,(anonymous_0)
FNDA:0,(anonymous_1)
FNDA:0,(anonymous_2)
FNDA:0,(anonymous_3)
FNDA:0,(anonymous_4)
FNDA:0,(anonymous_5)
FNDA:0,(anonymous_6)
FNDA:0,(anonymous_7)
FNDA:0,(anonymous_8)
FNDA:0,(anonymous_9)
FNDA:0,(anonymous_10)
FNDA:0,(anonymous_11)
FNDA:0,(anonymous_12)
FNDA:0,(anonymous_13)
FNDA:0,(anonymous_14)
FNDA:14,Button
FNDA:14,(anonymous_16)
DA:29,1
DA:49,1
DA:57,1
DA:62,1
DA:70,1
DA:76,1
DA:83,0
DA:98,0
DA:103,0
DA:134,0
DA:144,0
DA:154,0
DA:178,0
DA:203,0
DA:228,0
DA:253,0
DA:293,0
DA:323,0
DA:349,0
DA:374,0
DA:399,0
DA:448,14
DA:450,14
DA:455,14
DA:456,14
DA:457,2
DA:461,14
DA:467,1
LF:28
LH:13
BRDA:83,0,0,0
BRDA:83,0,1,0
BRDA:98,1,0,0
BRDA:98,1,1,0
BRDA:103,2,0,0
BRDA:103,2,1,0
BRDA:134,3,0,0
BRDA:134,3,1,0
BRDA:144,4,0,0
BRDA:144,4,1,0
BRDA:154,5,0,0
BRDA:154,5,1,0
BRDA:178,6,0,0
BRDA:178,6,1,0
BRDA:184,7,0,0
BRDA:184,7,1,0
BRDA:203,8,0,0
BRDA:203,8,1,0
BRDA:209,9,0,0
BRDA:209,9,1,0
BRDA:228,10,0,0
BRDA:228,10,1,0
BRDA:234,11,0,0
BRDA:234,11,1,0
BRDA:253,12,0,0
BRDA:253,12,1,0
BRDA:260,13,0,0
BRDA:260,13,1,0
BRDA:293,14,0,0
BRDA:293,14,1,0
BRDA:323,15,0,0
BRDA:323,15,1,0
BRDA:349,16,0,0
BRDA:349,16,1,0
BRDA:355,17,0,0
BRDA:355,17,1,0
BRDA:374,18,0,0
BRDA:374,18,1,0
BRDA:380,19,0,0
BRDA:380,19,1,0
BRDA:399,20,0,0
BRDA:399,20,1,0
BRDA:452,21,0,14
BRDA:452,21,1,2
BRDA:452,22,0,2
BRDA:452,22,1,2
BRDA:456,23,0,2
BRDA:456,23,1,12
BRF:48
BRH:6
end_of_record
TN:
SF:F:\新建文件夹\zhufeng-react-assembly\lionh-ui\src\components\shared\animation.tsx
FNF:0
FNH:0
DA:1,1
LF:1
LH:1
BRF:0
BRH:0
end_of_record
TN:
SF:F:\新建文件夹\zhufeng-react-assembly\lionh-ui\src\components\shared\global.tsx
FNF:0
FNH:0
DA:3,1
LF:1
LH:1
BRF:0
BRH:0
end_of_record
TN:
SF:F:\新建文件夹\zhufeng-react-assembly\lionh-ui\src\components\shared\styles.tsx
FNF:0
FNH:0
DA:3,1
DA:35,1
DA:43,1
DA:68,1
DA:79,1
DA:80,1
LF:6
LH:6
BRF:0
BRH:0
end_of_record
TN:
SF:F:\新建文件夹\zhufeng-react-assembly\lionh-ui\src\stories\Header.tsx
FN:13,(anonymous_0)
FNF:1
FNH:0
FNDA:0,(anonymous_0)
DA:13,0
DA:14,0
LF:2
LH:0
BRDA:36,0,0,0
BRDA:36,0,1,0
BRF:2
BRH:0
end_of_record
TN:
SF:F:\新建文件夹\zhufeng-react-assembly\lionh-ui\src\stories\Page.tsx
FN:13,(anonymous_0)
FNF:1
FNH:0
FNDA:0,(anonymous_0)
DA:13,0
DA:14,0
LF:2
LH:0
BRF:0
BRH:0
end_of_record
